Info: Starting: Create block symbol file (.bsf)
Info: qsys-generate C:\Users\ylbgu\Desktop\STA\NCO.qsys --block-symbol-file --output-directory=C:\Users\ylbgu\Desktop\STA\NCO --family="Cyclone V" --part=5CEBA4F23C7
Progress: Loading STA/NCO.qsys
Progress: Reading input file
Progress: Adding nco_ii_0 [altera_nco_ii 17.0]
Progress: Parameterizing module nco_ii_0
Progress: Building connections
Progress: Parameterizing connections
Progress: Validating
Progress: Done reading input file
Info: qsys-generate succeeded.
Info: Finished: Create block symbol file (.bsf)
Info: 
Info: Starting: Create HDL design files for synthesis
Info: qsys-generate C:\Users\ylbgu\Desktop\STA\NCO.qsys --synthesis=VHDL --output-directory=C:\Users\ylbgu\Desktop\STA\NCO\synthesis --family="Cyclone V" --part=5CEBA4F23C7
Progress: Loading STA/NCO.qsys
Progress: Reading input file
Progress: Adding nco_ii_0 [altera_nco_ii 17.0]
Progress: Parameterizing module nco_ii_0
Progress: Building connections
Progress: Parameterizing connections
Progress: Validating
Progress: Done reading input file
Info: NCO: Generating NCO "NCO" for QUARTUS_SYNTH
Info: nco_ii_0: "NCO" instantiated altera_nco_ii "nco_ii_0"
Info: NCO: Done "NCO" with 2 modules, 11 files
Info: qsys-generate succeeded.
Info: Finished: Create HDL design files for synthesis
